-------------------------------------------------------------------------------
Test set: fr.ensimag.deca.context.TestPlusAdvanced
-------------------------------------------------------------------------------
Tests run: 3, Failures: 0, Errors: 3, Skipped: 0, Time elapsed: 0.796 s <<< FAILURE! -- in fr.ensimag.deca.context.TestPlusAdvanced
fr.ensimag.deca.context.TestPlusAdvanced.testFloatInt -- Time elapsed: 0.763 s <<< ERROR!
java.lang.UnsupportedOperationException: not yet implemented
	at fr.ensimag.deca.tree.AbstractOpArith.verifyExpr(AbstractOpArith.java:24)
	at fr.ensimag.deca.context.TestPlusAdvanced.testFloatInt(TestPlusAdvanced.java:73)
	at java.base/java.lang.reflect.Method.invoke(Method.java:577)
	at java.base/java.util.ArrayList.forEach(ArrayList.java:1511)
	at java.base/java.util.ArrayList.forEach(ArrayList.java:1511)

fr.ensimag.deca.context.TestPlusAdvanced.testIntFloat -- Time elapsed: 0.008 s <<< ERROR!
java.lang.UnsupportedOperationException: not yet implemented
	at fr.ensimag.deca.tree.AbstractOpArith.verifyExpr(AbstractOpArith.java:24)
	at fr.ensimag.deca.context.TestPlusAdvanced.testIntFloat(TestPlusAdvanced.java:60)
	at java.base/java.lang.reflect.Method.invoke(Method.java:577)
	at java.base/java.util.ArrayList.forEach(ArrayList.java:1511)
	at java.base/java.util.ArrayList.forEach(ArrayList.java:1511)

fr.ensimag.deca.context.TestPlusAdvanced.testIntInt -- Time elapsed: 0.005 s <<< ERROR!
java.lang.UnsupportedOperationException: not yet implemented
	at fr.ensimag.deca.tree.AbstractOpArith.verifyExpr(AbstractOpArith.java:24)
	at fr.ensimag.deca.context.TestPlusAdvanced.testIntInt(TestPlusAdvanced.java:50)
	at java.base/java.lang.reflect.Method.invoke(Method.java:577)
	at java.base/java.util.ArrayList.forEach(ArrayList.java:1511)
	at java.base/java.util.ArrayList.forEach(ArrayList.java:1511)

